Test Accuracy = 0.6667
Sample 0: label=1, pred=1, used=[CT,PET], prob=[0.02401557 0.97598445]
Sample 1: label=1, pred=1, used=[CT,PET], prob=[0.02401557 0.97598445]
Sample 2: label=1, pred=1, used=[CT,PET], prob=[0.02401557 0.97598445]
Sample 3: label=0, pred=1, used=[CT,PET], prob=[0.02401557 0.97598445]
Sample 4: label=0, pred=0, used=[CT,PET], prob=[0.02401557 0.97598445]
Sample 5: label=0, pred=0, used=[CT,PET], prob=[0.02401557 0.97598445]
Sample 6: label=0, pred=0, used=[CT,PET], prob=[0.02401557 0.97598445]
Sample 7: label=1, pred=0, used=[MR-DWI,MR-T1,MR-dynamic], prob=[0.02401557 0.97598445]
Sample 8: label=1, pred=1, used=[CT,PET], prob=[0.02401557 0.97598445]
Sample 9: label=1, pred=0, used=[MR-DWI,MR-T1,MR-dynamic], prob=[0.02401557 0.97598445]
Sample 10: label=1, pred=0, used=[CT,PET], prob=[0.02401557 0.97598445]
Sample 11: label=1, pred=0, used=[MR-DWI,MR-T1,MR-dynamic], prob=[0.02401557 0.97598445]
Sample 12: label=0, pred=0, used=[CT,PET], prob=[0.02401557 0.97598445]
Sample 13: label=0, pred=0, used=[MR-DWI,MR-T1,MR-dynamic], prob=[0.02401557 0.97598445]
Sample 14: label=0, pred=0, used=[MR-DWI,MR-T1,MR-dynamic], prob=[0.02401557 0.97598445]
Sample 15: label=0, pred=0, used=[CT,PET], prob=[0.02401557 0.97598445]
Sample 16: label=0, pred=1, used=[CT,PET], prob=[0.02401557 0.97598445]
Sample 17: label=0, pred=1, used=[MR-DWI], prob=[0.02401557 0.97598445]
Sample 18: label=0, pred=0, used=[MR-DWI,MR-T1,MR-dynamic], prob=[0.02401557 0.97598445]
Sample 19: label=0, pred=0, used=[CT,PET], prob=[0.02401557 0.97598445]
Sample 20: label=0, pred=0, used=[MR-DWI,MR-T1,MR-dynamic], prob=[0.02401557 0.97598445]

Classification Report:
              precision    recall  f1-score   support

           0     0.7143    0.7692    0.7407        13
           1     0.5714    0.5000    0.5333         8

    accuracy                         0.6667        21
   macro avg     0.6429    0.6346    0.6370        21
weighted avg     0.6599    0.6667    0.6617        21

Confusion Matrix:
[[10  3]
 [ 4  4]]
